<?xml version="1.0" encoding="UTF-8"?>
<!-- Generated by org.testng.reporters.JUnitReportReporter -->
<testsuite hostname="syncgdc3610" name="extent.ExtentReportsClassVersion3" tests="3" failures="0" timestamp="23 Sep 2020 10:19:08 GMT" time="0.064" errors="0">
  <testcase name="passTest" time="0.002" classname="extent.ExtentReportsClassVersion3"/>
  <testcase name="passfailTest" time="0.002" classname="extent.ExtentReportsClassVersion3"/>
  <testcase name="failTest" time="0.060" classname="extent.ExtentReportsClassVersion3"/>
</testsuite> <!-- extent.ExtentReportsClassVersion3 -->
