<?xml version="1.0" encoding="UTF-8"?>
<!-- Generated by org.testng.reporters.JUnitReportReporter -->
<testsuite hostname="syncgdc3823" name="nft.TestExecutor.NewTest" tests="4" failures="0" timestamp="21 Nov 2017 06:08:06 GMT" time="417.059" errors="0">
  <testcase name="TestInitPrallel" time="59.628" classname="nft.TestExecutor.NewTest"/>
  <testcase name="TestInitPrallel" time="145.276" classname="nft.TestExecutor.NewTest"/>
  <testcase name="TestInitPrallel" time="149.771" classname="nft.TestExecutor.NewTest"/>
  <testcase name="TestInitPrallel" time="62.384" classname="nft.TestExecutor.NewTest"/>
</testsuite> <!-- nft.TestExecutor.NewTest -->
