<?xml version="1.0" encoding="UTF-8"?>
<!-- Generated by org.testng.reporters.JUnitReportReporter -->
<testsuite hostname="syncgdc3823" name="nft.TestExecutor.NFTEngine" tests="2" failures="0" timestamp="23 Nov 2017 07:16:05 GMT" time="2.197" errors="0">
  <testcase name="TestInitPrallel" time="1.082" classname="nft.TestExecutor.NFTEngine"/>
  <testcase name="TestInitPrallel" time="1.115" classname="nft.TestExecutor.NFTEngine"/>
</testsuite> <!-- nft.TestExecutor.NFTEngine -->
