<?xml version="1.0" encoding="UTF-8"?>
<!-- Generated by org.testng.reporters.JUnitReportReporter -->
<testsuite hostname="syncgdc3720" failures="0" tests="1" name="nft.TestExecutor.UNFT_Engine" time="21.349" errors="0" timestamp="23 May 2019 04:32:26 GMT">
  <testcase classname="nft.TestExecutor.UNFT_Engine" name="TestInitPrallel" time="21.349"/>
</testsuite> <!-- nft.TestExecutor.UNFT_Engine -->
