<?xml version="1.0" encoding="UTF-8"?>
<!-- Generated by org.testng.reporters.JUnitReportReporter -->
<testsuite skipped="0" hostname="syncgdc3623" name="TestExecutor.NFT_Engine" tests="2" failures="0" timestamp="09 Apr 2018 09:47:15 GMT" time="100.785" errors="0">
  <testcase name="TestInitPrallel" time="50.238" classname="TestExecutor.NFT_Engine"/>
  <testcase name="TestInitPrallel" time="50.547" classname="TestExecutor.NFT_Engine"/>
</testsuite> <!-- TestExecutor.NFT_Engine -->
