<?xml version="1.0" encoding="UTF-8"?>
<!-- Generated by org.testng.reporters.JUnitReportReporter -->
<testsuite hostname="syncgdc3823" name="nft.TestExecutorSet2.NFTEngine" tests="2" failures="0" timestamp="24 Nov 2017 10:45:02 GMT" time="26.618" errors="0">
  <testcase name="TestInitPrallel" time="15.030" classname="nft.TestExecutorSet2.NFTEngine"/>
  <testcase name="TestInitPrallel" time="11.588" classname="nft.TestExecutorSet2.NFTEngine"/>
</testsuite> <!-- nft.TestExecutorSet2.NFTEngine -->
