<?xml version="1.0" encoding="UTF-8"?>
<!-- Generated by org.testng.reporters.JUnitReportReporter -->
<testsuite hostname="INCHCMLP07512" failures="0" tests="1" name="nft.TestExecutor.NFT_Engine" time="193.974" errors="0" timestamp="18 May 2021 16:43:28 GMT">
  <testcase classname="nft.TestExecutor.NFT_Engine" name="TestInitPrallel" time="193.974"/>
</testsuite> <!-- nft.TestExecutor.NFT_Engine -->
